<?xml version="1.0" encoding="UTF-8"?>
<testng-results skipped="0" failed="1" ignored="0" total="1" passed="0">
  <reporter-output>
  </reporter-output>
  <suite name="Default suite" duration-ms="116728" started-at="2019-11-25T19:50:42 CET" finished-at="2019-11-25T19:52:39 CET">
    <groups>
    </groups>
    <test name="Default test" duration-ms="116728" started-at="2019-11-25T19:50:42 CET" finished-at="2019-11-25T19:52:39 CET">
      <class name="tests.EbaySearchResultTest">
        <test-method status="PASS" signature="setup()[pri:0, instance:tests.EbaySearchResultTest@18eed359]" name="setup" is-config="true" duration-ms="11101" started-at="2019-11-25T19:50:42 CET" finished-at="2019-11-25T19:50:53 CET">
          <reporter-output>
          </reporter-output>
        </test-method> <!-- setup -->
        <test-method status="FAIL" signature="ebaySearchCounter()[pri:0, instance:tests.EbaySearchResultTest@18eed359]" name="ebaySearchCounter" duration-ms="105408" started-at="2019-11-25T19:50:53 CET" finished-at="2019-11-25T19:52:39 CET">
          <exception class="java.lang.AssertionError">
            <message>
              <![CDATA[expected [24] but found [60]]]>
            </message>
            <full-stacktrace>
              <![CDATA[java.lang.AssertionError: expected [24] but found [60]
at org.testng.Assert.fail(Assert.java:97)
at org.testng.Assert.assertEqualsImpl(Assert.java:136)
at org.testng.Assert.assertEquals(Assert.java:118)
at org.testng.Assert.assertEquals(Assert.java:839)
at org.testng.Assert.assertEquals(Assert.java:849)
at tests.EbaySearchResultTest.ebaySearchCounter(EbaySearchResultTest.java:25)
at sun.reflect.NativeMethodAccessorImpl.invoke0(Native Method)
at sun.reflect.NativeMethodAccessorImpl.invoke(Unknown Source)
at sun.reflect.DelegatingMethodAccessorImpl.invoke(Unknown Source)
at java.lang.reflect.Method.invoke(Unknown Source)
at org.testng.internal.MethodInvocationHelper.invokeMethod(MethodInvocationHelper.java:133)
at org.testng.internal.TestInvoker.invokeMethod(TestInvoker.java:584)
at org.testng.internal.TestInvoker.invokeTestMethod(TestInvoker.java:172)
at org.testng.internal.MethodRunner.runInSequence(MethodRunner.java:46)
at org.testng.internal.TestInvoker$MethodInvocationAgent.invoke(TestInvoker.java:804)
at org.testng.internal.TestInvoker.invokeTestMethods(TestInvoker.java:145)
at org.testng.internal.TestMethodWorker.invokeTestMethods(TestMethodWorker.java:146)
at org.testng.internal.TestMethodWorker.run(TestMethodWorker.java:128)
at java.util.ArrayList.forEach(Unknown Source)
at org.testng.TestRunner.privateRun(TestRunner.java:770)
at org.testng.TestRunner.run(TestRunner.java:591)
at org.testng.SuiteRunner.runTest(SuiteRunner.java:402)
at org.testng.SuiteRunner.runSequentially(SuiteRunner.java:396)
at org.testng.SuiteRunner.privateRun(SuiteRunner.java:355)
at org.testng.SuiteRunner.run(SuiteRunner.java:304)
at org.testng.SuiteRunnerWorker.runSuite(SuiteRunnerWorker.java:53)
at org.testng.SuiteRunnerWorker.run(SuiteRunnerWorker.java:96)
at org.testng.TestNG.runSuitesSequentially(TestNG.java:1180)
at org.testng.TestNG.runSuitesLocally(TestNG.java:1102)
at org.testng.TestNG.runSuites(TestNG.java:1032)
at org.testng.TestNG.run(TestNG.java:1000)
at org.testng.remote.AbstractRemoteTestNG.run(AbstractRemoteTestNG.java:115)
at org.testng.remote.RemoteTestNG.initAndRun(RemoteTestNG.java:251)
at org.testng.remote.RemoteTestNG.main(RemoteTestNG.java:77)
]]>
            </full-stacktrace>
          </exception> <!-- java.lang.AssertionError -->
          <reporter-output>
          </reporter-output>
        </test-method> <!-- ebaySearchCounter -->
        <test-method status="PASS" signature="quit()[pri:0, instance:tests.EbaySearchResultTest@18eed359]" name="quit" is-config="true" duration-ms="1" started-at="2019-11-25T19:52:39 CET" finished-at="2019-11-25T19:52:39 CET">
          <reporter-output>
          </reporter-output>
        </test-method> <!-- quit -->
      </class> <!-- tests.EbaySearchResultTest -->
    </test> <!-- Default test -->
  </suite> <!-- Default suite -->
</testng-results>
